<?xml version="1.0" encoding="UTF-8"?>
<testng-results ignored="0" total="1" passed="1" failed="0" skipped="0">
  <reporter-output>
  </reporter-output>
  <suite started-at="2021-07-14T19:22:31 IST" name="Surefire suite" finished-at="2021-07-14T19:22:45 IST" duration-ms="14149">
    <groups>
    </groups>
    <test started-at="2021-07-14T19:22:31 IST" name="Surefire test" finished-at="2021-07-14T19:22:45 IST" duration-ms="14149">
      <class name="First_Test">
        <test-method is-config="true" signature="test()[pri:0, instance:First_Test@221af3c0]" started-at="2021-07-14T19:22:31 IST" name="test" finished-at="2021-07-14T19:22:42 IST" duration-ms="11116" status="PASS">
          <reporter-output>
          </reporter-output>
        </test-method> <!-- test -->
        <test-method signature="signin()[pri:0, instance:First_Test@221af3c0]" started-at="2021-07-14T19:22:42 IST" name="signin" finished-at="2021-07-14T19:22:45 IST" duration-ms="2578" status="PASS">
          <reporter-output>
          </reporter-output>
        </test-method> <!-- signin -->
        <test-method is-config="true" signature="cleanup()[pri:0, instance:First_Test@221af3c0]" started-at="2021-07-14T19:22:45 IST" name="cleanup" finished-at="2021-07-14T19:22:45 IST" duration-ms="372" status="PASS">
          <reporter-output>
          </reporter-output>
        </test-method> <!-- cleanup -->
      </class> <!-- First_Test -->
    </test> <!-- Surefire test -->
  </suite> <!-- Surefire suite -->
</testng-results>
